max_len: 512
========== fold: 0 training ==========
BackTranslation None
DebertaV2Config {
  "_name_or_path": "Narrativaai/deberta-v3-small-finetuned-hate_speech18",
  "architectures": [
    "DebertaV2ForSequenceClassification"
  ],
  "attention_dropout": 0.0,
  "attention_probs_dropout_prob": 0.0,
  "hidden_act": "gelu",
  "hidden_dropout": 0.0,
  "hidden_dropout_prob": 0.0,
  "hidden_size": 768,
  "id2label": {
    "0": "NO_HATE",
    "1": "HATE",
    "2": "IDK",
    "3": "RELATION"
  },
  "initializer_range": 0.02,
  "intermediate_size": 3072,
  "label2id": {
    "HATE": 1,
    "IDK": 2,
    "NO_HATE": 0,
    "RELATION": 3
  },
  "layer_norm_eps": 1e-07,
  "max_position_embeddings": 512,
  "max_relative_positions": -1,
  "model_type": "deberta-v2",
  "norm_rel_ebd": "layer_norm",
  "num_attention_heads": 12,
  "num_hidden_layers": 6,
  "output_hidden_states": true,
  "pad_token_id": 0,
  "pooler_dropout": 0,
  "pooler_hidden_act": "gelu",
  "pooler_hidden_size": 768,
  "pos_att_type": [
    "p2c",
    "c2p"
  ],
  "position_biased_input": false,
  "position_buckets": 256,
  "relative_attention": true,
  "share_att_key": true,
  "torch_dtype": "float32",
  "transformers_version": "4.21.2",
  "type_vocab_size": 0,
  "vocab_size": 128100
}

Epoch 1 - avg_train_loss: 0.0690  avg_val_loss: 0.0657  time: 799s
Epoch 1 - Score: 0.3624  Scores: [0.3624246263056507]
Epoch 1 - Save Best Score: 0.3624 Model
========== fold: 0 training ==========
BackTranslation ['de', 'es', 'fr']
DebertaV2Config {
  "_name_or_path": "Narrativaai/deberta-v3-small-finetuned-hate_speech18",
  "architectures": [
    "DebertaV2ForSequenceClassification"
  ],
  "attention_dropout": 0.0,
  "attention_probs_dropout_prob": 0.0,
  "hidden_act": "gelu",
  "hidden_dropout": 0.0,
  "hidden_dropout_prob": 0.0,
  "hidden_size": 768,
  "id2label": {
    "0": "NO_HATE",
    "1": "HATE",
    "2": "IDK",
    "3": "RELATION"
  },
  "initializer_range": 0.02,
  "intermediate_size": 3072,
  "label2id": {
    "HATE": 1,
    "IDK": 2,
    "NO_HATE": 0,
    "RELATION": 3
  },
  "layer_norm_eps": 1e-07,
  "max_position_embeddings": 512,
  "max_relative_positions": -1,
  "model_type": "deberta-v2",
  "norm_rel_ebd": "layer_norm",
  "num_attention_heads": 12,
  "num_hidden_layers": 6,
  "output_hidden_states": true,
  "pad_token_id": 0,
  "pooler_dropout": 0,
  "pooler_hidden_act": "gelu",
  "pooler_hidden_size": 768,
  "pos_att_type": [
    "p2c",
    "c2p"
  ],
  "position_biased_input": false,
  "position_buckets": 256,
  "relative_attention": true,
  "share_att_key": true,
  "torch_dtype": "float32",
  "transformers_version": "4.21.2",
  "type_vocab_size": 0,
  "vocab_size": 128100
}

load ../outputs_toxigen_backtranslate_reg//Narrativaai.deberta-v3-small-finetuned-hate_speech18/Narrativaai-deberta-v3-small-finetuned-hate_speech18_fold0_pre.pth
Epoch 1 - avg_train_loss: 0.0284  avg_val_loss: 0.0258  time: 81s
Epoch 1 - Score: 0.2273  Scores: [0.2273458226236877]
Epoch 1 - Save Best Score: 0.2273 Model
Epoch 2 - avg_train_loss: 0.0223  avg_val_loss: 0.0254  time: 80s
Epoch 2 - Score: 0.2254  Scores: [0.22541160854165163]
Epoch 2 - Save Best Score: 0.2254 Model
Epoch 3 - avg_train_loss: 0.0185  avg_val_loss: 0.0214  time: 79s
Epoch 3 - Score: 0.2068  Scores: [0.20677887330177616]
Epoch 3 - Save Best Score: 0.2068 Model
Epoch 4 - avg_train_loss: 0.0144  avg_val_loss: 0.0204  time: 80s
Epoch 4 - Score: 0.2018  Scores: [0.2018164894024257]
Epoch 4 - Save Best Score: 0.2018 Model
Epoch 5 - avg_train_loss: 0.0120  avg_val_loss: 0.0206  time: 80s
Epoch 5 - Score: 0.2029  Scores: [0.2029439096762768]
========== fold: 0 result ==========
Score: 0.2018  Scores: [0.2018164894024257]
========== fold: 1 training ==========
BackTranslation ['de', 'es', 'fr']
DebertaV2Config {
  "_name_or_path": "Narrativaai/deberta-v3-small-finetuned-hate_speech18",
  "architectures": [
    "DebertaV2ForSequenceClassification"
  ],
  "attention_dropout": 0.0,
  "attention_probs_dropout_prob": 0.0,
  "hidden_act": "gelu",
  "hidden_dropout": 0.0,
  "hidden_dropout_prob": 0.0,
  "hidden_size": 768,
  "id2label": {
    "0": "NO_HATE",
    "1": "HATE",
    "2": "IDK",
    "3": "RELATION"
  },
  "initializer_range": 0.02,
  "intermediate_size": 3072,
  "label2id": {
    "HATE": 1,
    "IDK": 2,
    "NO_HATE": 0,
    "RELATION": 3
  },
  "layer_norm_eps": 1e-07,
  "max_position_embeddings": 512,
  "max_relative_positions": -1,
  "model_type": "deberta-v2",
  "norm_rel_ebd": "layer_norm",
  "num_attention_heads": 12,
  "num_hidden_layers": 6,
  "output_hidden_states": true,
  "pad_token_id": 0,
  "pooler_dropout": 0,
  "pooler_hidden_act": "gelu",
  "pooler_hidden_size": 768,
  "pos_att_type": [
    "p2c",
    "c2p"
  ],
  "position_biased_input": false,
  "position_buckets": 256,
  "relative_attention": true,
  "share_att_key": true,
  "torch_dtype": "float32",
  "transformers_version": "4.21.2",
  "type_vocab_size": 0,
  "vocab_size": 128100
}

load ../outputs_toxigen_backtranslate_reg//Narrativaai.deberta-v3-small-finetuned-hate_speech18/Narrativaai-deberta-v3-small-finetuned-hate_speech18_fold0_pre.pth
Epoch 1 - avg_train_loss: 0.0290  avg_val_loss: 0.0216  time: 78s
Epoch 1 - Score: 0.2079  Scores: [0.2078957368037658]
Epoch 1 - Save Best Score: 0.2079 Model
Epoch 2 - avg_train_loss: 0.0224  avg_val_loss: 0.0211  time: 81s
Epoch 2 - Score: 0.2056  Scores: [0.20562131779111806]
Epoch 2 - Save Best Score: 0.2056 Model
Epoch 3 - avg_train_loss: 0.0188  avg_val_loss: 0.0205  time: 80s
Epoch 3 - Score: 0.2027  Scores: [0.20272667370494404]
Epoch 3 - Save Best Score: 0.2027 Model
Epoch 4 - avg_train_loss: 0.0144  avg_val_loss: 0.0204  time: 82s
Epoch 4 - Score: 0.2022  Scores: [0.20216279658538427]
Epoch 4 - Save Best Score: 0.2022 Model
Epoch 5 - avg_train_loss: 0.0120  avg_val_loss: 0.0205  time: 78s
Epoch 5 - Score: 0.2025  Scores: [0.20246777044145078]
========== fold: 1 result ==========
Score: 0.2022  Scores: [0.20216279658538427]
========== fold: 2 training ==========
BackTranslation ['de', 'es', 'fr']
DebertaV2Config {
  "_name_or_path": "Narrativaai/deberta-v3-small-finetuned-hate_speech18",
  "architectures": [
    "DebertaV2ForSequenceClassification"
  ],
  "attention_dropout": 0.0,
  "attention_probs_dropout_prob": 0.0,
  "hidden_act": "gelu",
  "hidden_dropout": 0.0,
  "hidden_dropout_prob": 0.0,
  "hidden_size": 768,
  "id2label": {
    "0": "NO_HATE",
    "1": "HATE",
    "2": "IDK",
    "3": "RELATION"
  },
  "initializer_range": 0.02,
  "intermediate_size": 3072,
  "label2id": {
    "HATE": 1,
    "IDK": 2,
    "NO_HATE": 0,
    "RELATION": 3
  },
  "layer_norm_eps": 1e-07,
  "max_position_embeddings": 512,
  "max_relative_positions": -1,
  "model_type": "deberta-v2",
  "norm_rel_ebd": "layer_norm",
  "num_attention_heads": 12,
  "num_hidden_layers": 6,
  "output_hidden_states": true,
  "pad_token_id": 0,
  "pooler_dropout": 0,
  "pooler_hidden_act": "gelu",
  "pooler_hidden_size": 768,
  "pos_att_type": [
    "p2c",
    "c2p"
  ],
  "position_biased_input": false,
  "position_buckets": 256,
  "relative_attention": true,
  "share_att_key": true,
  "torch_dtype": "float32",
  "transformers_version": "4.21.2",
  "type_vocab_size": 0,
  "vocab_size": 128100
}

load ../outputs_toxigen_backtranslate_reg//Narrativaai.deberta-v3-small-finetuned-hate_speech18/Narrativaai-deberta-v3-small-finetuned-hate_speech18_fold0_pre.pth
