max_len: 512
========== fold: 0 training ==========
BackTranslation None
DebertaV2Config {
  "_name_or_path": "Narrativaai/deberta-v3-small-finetuned-hate_speech18",
  "architectures": [
    "DebertaV2ForSequenceClassification"
  ],
  "attention_dropout": 0.0,
  "attention_probs_dropout_prob": 0.0,
  "hidden_act": "gelu",
  "hidden_dropout": 0.0,
  "hidden_dropout_prob": 0.0,
  "hidden_size": 768,
  "id2label": {
    "0": "NO_HATE",
    "1": "HATE",
    "2": "IDK",
    "3": "RELATION"
  },
  "initializer_range": 0.02,
  "intermediate_size": 3072,
  "label2id": {
    "HATE": 1,
    "IDK": 2,
    "NO_HATE": 0,
    "RELATION": 3
  },
  "layer_norm_eps": 1e-07,
  "max_position_embeddings": 512,
  "max_relative_positions": -1,
  "model_type": "deberta-v2",
  "norm_rel_ebd": "layer_norm",
  "num_attention_heads": 12,
  "num_hidden_layers": 6,
  "output_hidden_states": true,
  "pad_token_id": 0,
  "pooler_dropout": 0,
  "pooler_hidden_act": "gelu",
  "pooler_hidden_size": 768,
  "pos_att_type": [
    "p2c",
    "c2p"
  ],
  "position_biased_input": false,
  "position_buckets": 256,
  "relative_attention": true,
  "share_att_key": true,
  "torch_dtype": "float32",
  "transformers_version": "4.21.2",
  "type_vocab_size": 0,
  "vocab_size": 128100
}

Epoch 1 - avg_train_loss: 0.0307  avg_val_loss: 0.0227  time: 81s
Epoch 1 - Score: 0.2130  Scores: [0.21302245311652154]
Epoch 1 - Save Best Score: 0.2130 Model
Epoch 2 - avg_train_loss: 0.0192  avg_val_loss: 0.0232  time: 81s
Epoch 2 - Score: 0.2155  Scores: [0.21553962909706822]
Epoch 3 - avg_train_loss: 0.0155  avg_val_loss: 0.0207  time: 81s
Epoch 3 - Score: 0.2034  Scores: [0.2034209703571856]
Epoch 3 - Save Best Score: 0.2034 Model
Epoch 4 - avg_train_loss: 0.0101  avg_val_loss: 0.0209  time: 80s
Epoch 4 - Score: 0.2044  Scores: [0.2044147928406491]
Epoch 5 - avg_train_loss: 0.0082  avg_val_loss: 0.0209  time: 80s
Epoch 5 - Score: 0.2044  Scores: [0.20435797577721215]
========== fold: 0 result ==========
Score: 0.2034  Scores: [0.2034209703571856]
========== fold: 1 training ==========
BackTranslation None
DebertaV2Config {
  "_name_or_path": "Narrativaai/deberta-v3-small-finetuned-hate_speech18",
  "architectures": [
    "DebertaV2ForSequenceClassification"
  ],
  "attention_dropout": 0.0,
  "attention_probs_dropout_prob": 0.0,
  "hidden_act": "gelu",
  "hidden_dropout": 0.0,
  "hidden_dropout_prob": 0.0,
  "hidden_size": 768,
  "id2label": {
    "0": "NO_HATE",
    "1": "HATE",
    "2": "IDK",
    "3": "RELATION"
  },
  "initializer_range": 0.02,
  "intermediate_size": 3072,
  "label2id": {
    "HATE": 1,
    "IDK": 2,
    "NO_HATE": 0,
    "RELATION": 3
  },
  "layer_norm_eps": 1e-07,
  "max_position_embeddings": 512,
  "max_relative_positions": -1,
  "model_type": "deberta-v2",
  "norm_rel_ebd": "layer_norm",
  "num_attention_heads": 12,
  "num_hidden_layers": 6,
  "output_hidden_states": true,
  "pad_token_id": 0,
  "pooler_dropout": 0,
  "pooler_hidden_act": "gelu",
  "pooler_hidden_size": 768,
  "pos_att_type": [
    "p2c",
    "c2p"
  ],
  "position_biased_input": false,
  "position_buckets": 256,
  "relative_attention": true,
  "share_att_key": true,
  "torch_dtype": "float32",
  "transformers_version": "4.21.2",
  "type_vocab_size": 0,
  "vocab_size": 128100
}

Epoch 1 - avg_train_loss: 0.0309  avg_val_loss: 0.0226  time: 81s
Epoch 1 - Score: 0.2128  Scores: [0.21279933382821756]
Epoch 1 - Save Best Score: 0.2128 Model
Epoch 2 - avg_train_loss: 0.0193  avg_val_loss: 0.0220  time: 81s
Epoch 2 - Score: 0.2097  Scores: [0.20972974194674385]
Epoch 2 - Save Best Score: 0.2097 Model
Epoch 3 - avg_train_loss: 0.0152  avg_val_loss: 0.0232  time: 81s
Epoch 3 - Score: 0.2153  Scores: [0.21532064431375939]
Epoch 4 - avg_train_loss: 0.0109  avg_val_loss: 0.0216  time: 81s
Epoch 4 - Score: 0.2080  Scores: [0.20803507786989273]
Epoch 4 - Save Best Score: 0.2080 Model
Epoch 5 - avg_train_loss: 0.0087  avg_val_loss: 0.0220  time: 80s
Epoch 5 - Score: 0.2096  Scores: [0.2096275158254843]
========== fold: 1 result ==========
Score: 0.2080  Scores: [0.20803507786989273]
========== fold: 2 training ==========
BackTranslation None
DebertaV2Config {
  "_name_or_path": "Narrativaai/deberta-v3-small-finetuned-hate_speech18",
  "architectures": [
    "DebertaV2ForSequenceClassification"
  ],
  "attention_dropout": 0.0,
  "attention_probs_dropout_prob": 0.0,
  "hidden_act": "gelu",
  "hidden_dropout": 0.0,
  "hidden_dropout_prob": 0.0,
  "hidden_size": 768,
  "id2label": {
    "0": "NO_HATE",
    "1": "HATE",
    "2": "IDK",
    "3": "RELATION"
  },
  "initializer_range": 0.02,
  "intermediate_size": 3072,
  "label2id": {
    "HATE": 1,
    "IDK": 2,
    "NO_HATE": 0,
    "RELATION": 3
  },
  "layer_norm_eps": 1e-07,
  "max_position_embeddings": 512,
  "max_relative_positions": -1,
  "model_type": "deberta-v2",
  "norm_rel_ebd": "layer_norm",
  "num_attention_heads": 12,
  "num_hidden_layers": 6,
  "output_hidden_states": true,
  "pad_token_id": 0,
  "pooler_dropout": 0,
  "pooler_hidden_act": "gelu",
  "pooler_hidden_size": 768,
  "pos_att_type": [
    "p2c",
    "c2p"
  ],
  "position_biased_input": false,
  "position_buckets": 256,
  "relative_attention": true,
  "share_att_key": true,
  "torch_dtype": "float32",
  "transformers_version": "4.21.2",
  "type_vocab_size": 0,
  "vocab_size": 128100
}

Epoch 1 - avg_train_loss: 0.0304  avg_val_loss: 0.0441  time: 82s
Epoch 1 - Score: 0.2968  Scores: [0.29683578304128233]
Epoch 1 - Save Best Score: 0.2968 Model
Epoch 2 - avg_train_loss: 0.0217  avg_val_loss: 0.0253  time: 83s
Epoch 2 - Score: 0.2247  Scores: [0.2247443344606722]
Epoch 2 - Save Best Score: 0.2247 Model
Epoch 3 - avg_train_loss: 0.0156  avg_val_loss: 0.0223  time: 84s
Epoch 3 - Score: 0.2113  Scores: [0.2113373726143857]
Epoch 3 - Save Best Score: 0.2113 Model
Epoch 4 - avg_train_loss: 0.0103  avg_val_loss: 0.0224  time: 83s
Epoch 4 - Score: 0.2115  Scores: [0.21146729029092215]
Epoch 5 - avg_train_loss: 0.0086  avg_val_loss: 0.0227  time: 84s
Epoch 5 - Score: 0.2131  Scores: [0.2131464150981792]
========== fold: 2 result ==========
Score: 0.2113  Scores: [0.2113373726143857]
========== fold: 3 training ==========
BackTranslation None
DebertaV2Config {
  "_name_or_path": "Narrativaai/deberta-v3-small-finetuned-hate_speech18",
  "architectures": [
    "DebertaV2ForSequenceClassification"
  ],
  "attention_dropout": 0.0,
  "attention_probs_dropout_prob": 0.0,
  "hidden_act": "gelu",
  "hidden_dropout": 0.0,
  "hidden_dropout_prob": 0.0,
  "hidden_size": 768,
  "id2label": {
    "0": "NO_HATE",
    "1": "HATE",
    "2": "IDK",
    "3": "RELATION"
  },
  "initializer_range": 0.02,
  "intermediate_size": 3072,
  "label2id": {
    "HATE": 1,
    "IDK": 2,
    "NO_HATE": 0,
    "RELATION": 3
  },
  "layer_norm_eps": 1e-07,
  "max_position_embeddings": 512,
  "max_relative_positions": -1,
  "model_type": "deberta-v2",
  "norm_rel_ebd": "layer_norm",
  "num_attention_heads": 12,
  "num_hidden_layers": 6,
  "output_hidden_states": true,
  "pad_token_id": 0,
  "pooler_dropout": 0,
  "pooler_hidden_act": "gelu",
  "pooler_hidden_size": 768,
  "pos_att_type": [
    "p2c",
    "c2p"
  ],
  "position_biased_input": false,
  "position_buckets": 256,
  "relative_attention": true,
  "share_att_key": true,
  "torch_dtype": "float32",
  "transformers_version": "4.21.2",
  "type_vocab_size": 0,
  "vocab_size": 128100
}

Epoch 1 - avg_train_loss: 0.0274  avg_val_loss: 0.0242  time: 84s
Epoch 1 - Score: 0.2198  Scores: [0.2198058601473928]
Epoch 1 - Save Best Score: 0.2198 Model
Epoch 2 - avg_train_loss: 0.0199  avg_val_loss: 0.0240  time: 84s
Epoch 2 - Score: 0.2192  Scores: [0.2192114118790742]
Epoch 2 - Save Best Score: 0.2192 Model
Epoch 3 - avg_train_loss: 0.0141  avg_val_loss: 0.0243  time: 84s
Epoch 3 - Score: 0.2207  Scores: [0.22067695265564347]
Epoch 4 - avg_train_loss: 0.0108  avg_val_loss: 0.0234  time: 84s
Epoch 4 - Score: 0.2161  Scores: [0.21613473959159682]
Epoch 4 - Save Best Score: 0.2161 Model
Epoch 5 - avg_train_loss: 0.0091  avg_val_loss: 0.0232  time: 83s
Epoch 5 - Score: 0.2155  Scores: [0.21553402263582763]
Epoch 5 - Save Best Score: 0.2155 Model
========== fold: 3 result ==========
Score: 0.2155  Scores: [0.21553402263582763]
========== CV ==========
Score: 0.2096  Scores: [0.20962905871365556]
