max_len: 512
========== fold: 0 training ==========
BackTranslation ['de', 'es', 'fr']
DebertaV2Config {
  "_name_or_path": "Narrativaai/deberta-v3-small-finetuned-hate_speech18",
  "architectures": [
    "DebertaV2ForSequenceClassification"
  ],
  "attention_dropout": 0.0,
  "attention_probs_dropout_prob": 0.0,
  "hidden_act": "gelu",
  "hidden_dropout": 0.0,
  "hidden_dropout_prob": 0.0,
  "hidden_size": 768,
  "id2label": {
    "0": "NO_HATE",
    "1": "HATE",
    "2": "IDK",
    "3": "RELATION"
  },
  "initializer_range": 0.02,
  "intermediate_size": 3072,
  "label2id": {
    "HATE": 1,
    "IDK": 2,
    "NO_HATE": 0,
    "RELATION": 3
  },
  "layer_norm_eps": 1e-07,
  "max_position_embeddings": 512,
  "max_relative_positions": -1,
  "model_type": "deberta-v2",
  "norm_rel_ebd": "layer_norm",
  "num_attention_heads": 12,
  "num_hidden_layers": 6,
  "output_hidden_states": true,
  "pad_token_id": 0,
  "pooler_dropout": 0,
  "pooler_hidden_act": "gelu",
  "pooler_hidden_size": 768,
  "pos_att_type": [
    "p2c",
    "c2p"
  ],
  "position_biased_input": false,
  "position_buckets": 256,
  "relative_attention": true,
  "share_att_key": true,
  "torch_dtype": "float32",
  "transformers_version": "4.21.2",
  "type_vocab_size": 0,
  "vocab_size": 128100
}

Epoch 1 - avg_train_loss: 0.0329  avg_val_loss: 0.0254  time: 78s
Epoch 1 - Score: 0.2254  Scores: [0.22539851448302528]
Epoch 1 - Save Best Score: 0.2254 Model
Epoch 2 - avg_train_loss: 0.0246  avg_val_loss: 0.0232  time: 80s
Epoch 2 - Score: 0.2153  Scores: [0.21530433649157854]
Epoch 2 - Save Best Score: 0.2153 Model
Epoch 3 - avg_train_loss: 0.0210  avg_val_loss: 0.0221  time: 79s
Epoch 3 - Score: 0.2105  Scores: [0.21046785078725627]
Epoch 3 - Save Best Score: 0.2105 Model
Epoch 4 - avg_train_loss: 0.0152  avg_val_loss: 0.0206  time: 81s
Epoch 4 - Score: 0.2031  Scores: [0.20306505460766694]
Epoch 4 - Save Best Score: 0.2031 Model
Epoch 5 - avg_train_loss: 0.0130  avg_val_loss: 0.0205  time: 79s
Epoch 5 - Score: 0.2027  Scores: [0.20265449966827362]
Epoch 5 - Save Best Score: 0.2027 Model
========== fold: 0 result ==========
Score: 0.2027  Scores: [0.20265449966827362]
========== fold: 1 training ==========
BackTranslation ['de', 'es', 'fr']
DebertaV2Config {
  "_name_or_path": "Narrativaai/deberta-v3-small-finetuned-hate_speech18",
  "architectures": [
    "DebertaV2ForSequenceClassification"
  ],
  "attention_dropout": 0.0,
  "attention_probs_dropout_prob": 0.0,
  "hidden_act": "gelu",
  "hidden_dropout": 0.0,
  "hidden_dropout_prob": 0.0,
  "hidden_size": 768,
  "id2label": {
    "0": "NO_HATE",
    "1": "HATE",
    "2": "IDK",
    "3": "RELATION"
  },
  "initializer_range": 0.02,
  "intermediate_size": 3072,
  "label2id": {
    "HATE": 1,
    "IDK": 2,
    "NO_HATE": 0,
    "RELATION": 3
  },
  "layer_norm_eps": 1e-07,
  "max_position_embeddings": 512,
  "max_relative_positions": -1,
  "model_type": "deberta-v2",
  "norm_rel_ebd": "layer_norm",
  "num_attention_heads": 12,
  "num_hidden_layers": 6,
  "output_hidden_states": true,
  "pad_token_id": 0,
  "pooler_dropout": 0,
  "pooler_hidden_act": "gelu",
  "pooler_hidden_size": 768,
  "pos_att_type": [
    "p2c",
    "c2p"
  ],
  "position_biased_input": false,
  "position_buckets": 256,
  "relative_attention": true,
  "share_att_key": true,
  "torch_dtype": "float32",
  "transformers_version": "4.21.2",
  "type_vocab_size": 0,
  "vocab_size": 128100
}

Epoch 1 - avg_train_loss: 0.0336  avg_val_loss: 0.0312  time: 80s
Epoch 1 - Score: 0.2497  Scores: [0.24970209626691783]
Epoch 1 - Save Best Score: 0.2497 Model
Epoch 2 - avg_train_loss: 0.0254  avg_val_loss: 0.0225  time: 77s
Epoch 2 - Score: 0.2122  Scores: [0.21221933133695595]
Epoch 2 - Save Best Score: 0.2122 Model
Epoch 3 - avg_train_loss: 0.0205  avg_val_loss: 0.0214  time: 78s
Epoch 3 - Score: 0.2068  Scores: [0.20678715081757063]
Epoch 3 - Save Best Score: 0.2068 Model
Epoch 4 - avg_train_loss: 0.0155  avg_val_loss: 0.0209  time: 80s
Epoch 4 - Score: 0.2043  Scores: [0.20432206915840767]
Epoch 4 - Save Best Score: 0.2043 Model
Epoch 5 - avg_train_loss: 0.0129  avg_val_loss: 0.0207  time: 81s
Epoch 5 - Score: 0.2033  Scores: [0.20331859944482097]
Epoch 5 - Save Best Score: 0.2033 Model
========== fold: 1 result ==========
Score: 0.2033  Scores: [0.20331859944482097]
========== fold: 2 training ==========
BackTranslation ['de', 'es', 'fr']
DebertaV2Config {
  "_name_or_path": "Narrativaai/deberta-v3-small-finetuned-hate_speech18",
  "architectures": [
    "DebertaV2ForSequenceClassification"
  ],
  "attention_dropout": 0.0,
  "attention_probs_dropout_prob": 0.0,
  "hidden_act": "gelu",
  "hidden_dropout": 0.0,
  "hidden_dropout_prob": 0.0,
  "hidden_size": 768,
  "id2label": {
    "0": "NO_HATE",
    "1": "HATE",
    "2": "IDK",
    "3": "RELATION"
  },
  "initializer_range": 0.02,
  "intermediate_size": 3072,
  "label2id": {
    "HATE": 1,
    "IDK": 2,
    "NO_HATE": 0,
    "RELATION": 3
  },
  "layer_norm_eps": 1e-07,
  "max_position_embeddings": 512,
  "max_relative_positions": -1,
  "model_type": "deberta-v2",
  "norm_rel_ebd": "layer_norm",
  "num_attention_heads": 12,
  "num_hidden_layers": 6,
  "output_hidden_states": true,
  "pad_token_id": 0,
  "pooler_dropout": 0,
  "pooler_hidden_act": "gelu",
  "pooler_hidden_size": 768,
  "pos_att_type": [
    "p2c",
    "c2p"
  ],
  "position_biased_input": false,
  "position_buckets": 256,
  "relative_attention": true,
  "share_att_key": true,
  "torch_dtype": "float32",
  "transformers_version": "4.21.2",
  "type_vocab_size": 0,
  "vocab_size": 128100
}

